<?xml version="1.0" encoding="UTF-8"?>
<!-- Generated by org.testng.reporters.JUnitReportReporter -->
<testsuite hostname="Madhusudhanjami23041991-PC" failures="0" tests="1" name="Practiceselinum.TestNG1.Ather_1" time="110.035" errors="0" timestamp="28 Apr 2021 18:09:32 GMT" skipped="0">
  <testcase classname="Practiceselinum.TestNG1.Ather_1" name="Flogin_page" time="110.035"/>
</testsuite> <!-- Practiceselinum.TestNG1.Ather_1 -->
